Build started 3/31/2015 6:50:55 AM.
     1>Project "C:\Users\admin\documents\visual studio 2013\Projects\walter wolf\walter wolf\walter wolf.vcxproj" on node 2 (Build target(s)).
     1>ClCompile:
         C:\Program Files (x86)\Microsoft Visual Studio 12.0\VC\bin\CL.exe /c /ZI /nologo /W3 /WX- /sdl /Od /Oy- /D WIN32 /D _DEBUG /D _CONSOLE /D _LIB /D _UNICODE /D UNICODE /Gm /EHsc /RTC1 /MDd /GS /fp:precise /Zc:wchar_t /Zc:forScope /Fo"Debug\\" /Fd"Debug\vc120.pdb" /Gd /TP /analyze- /errorReport:prompt Game.cpp Level.cpp Player.cpp main.cpp
         Player.cpp
         Level.cpp
         Generating Code...
         Compiling...
         main.cpp
         Game.cpp
         Generating Code...
       Link:
         C:\Program Files (x86)\Microsoft Visual Studio 12.0\VC\bin\link.exe /ERRORREPORT:PROMPT /OUT:"C:\Users\admin\documents\visual studio 2013\Projects\walter wolf\Debug\walter wolf.exe" /INCREMENTAL /NOLOGO kernel32.lib user32.lib gdi32.lib winspool.lib comdlg32.lib advapi32.lib shell32.lib ole32.lib oleaut32.lib uuid.lib odbc32.lib odbccp32.lib /MANIFEST /MANIFESTUAC:"level='asInvoker' uiAccess='false'" /manifest:embed /DEBUG /PDB:"C:\Users\admin\documents\visual studio 2013\Projects\walter wolf\Debug\walter wolf.pdb" /SUBSYSTEM:CONSOLE /TLBID:1 /DYNAMICBASE /NXCOMPAT /IMPLIB:"C:\Users\admin\documents\visual studio 2013\Projects\walter wolf\Debug\walter wolf.lib" /MACHINE:X86 Debug\Error.obj
         Debug\Game.obj
         Debug\Level.obj
         Debug\main.obj
         Debug\Player.obj
         walter wolf.vcxproj -> C:\Users\admin\documents\visual studio 2013\Projects\walter wolf\Debug\walter wolf.exe
     1>Done Building Project "C:\Users\admin\documents\visual studio 2013\Projects\walter wolf\walter wolf\walter wolf.vcxproj" (Build target(s)).

Build succeeded.

Time Elapsed 00:00:03.73
